Log file open, 07/14/20 13:03:34
LogInit: Display: Running engine for game: BuildingEscape
LogPlatformFile: Not using cached read wrapper
LogTaskGraph: Started task graph with 5 named threads and 71 total threads with 3 sets of task threads.
LogStats: Stats thread started at 0.638246
LogD3D11RHI: Loaded GFSDK_Aftermath_Lib.x64.dll
LogICUInternationalization: ICU TimeZone Detection - Raw Offset: +5:30, Platform Override: ''
LogPluginManager: Mounting plugin Paper2D
LogPluginManager: Mounting plugin AISupport
LogPluginManager: Mounting plugin LightPropagationVolume
LogPluginManager: Mounting plugin CameraShakePreviewer
LogPluginManager: Mounting plugin ActorLayerUtilities
LogPluginManager: Mounting plugin AnimationSharing
LogPluginManager: Mounting plugin CLionSourceCodeAccess
LogPluginManager: Mounting plugin CodeLiteSourceCodeAccess
LogPluginManager: Mounting plugin GitSourceControl
LogPluginManager: Mounting plugin KDevelopSourceCodeAccess
LogPluginManager: Mounting plugin NullSourceCodeAccess
LogPluginManager: Mounting plugin PerforceSourceControl
LogPluginManager: Mounting plugin PlasticSourceControl
LogPluginManager: Mounting plugin RiderSourceCodeAccess
LogPluginManager: Mounting plugin SubversionSourceControl
LogPluginManager: Mounting plugin UObjectPlugin
LogPluginManager: Mounting plugin VisualStudioCodeSourceCodeAccess
LogPluginManager: Mounting plugin VisualStudioSourceCodeAccess
LogPluginManager: Mounting plugin XCodeSourceCodeAccess
LogPluginManager: Mounting plugin AssetManagerEditor
LogPluginManager: Mounting plugin CryptoKeys
LogPluginManager: Mounting plugin CurveEditorTools
LogPluginManager: Mounting plugin DataValidation
LogPluginManager: Mounting plugin EditorScriptingUtilities
LogPluginManager: Mounting plugin FacialAnimation
LogPluginManager: Mounting plugin GameplayTagsEditor
LogPluginManager: Mounting plugin GeometryMode
LogPluginManager: Mounting plugin MacGraphicsSwitching
LogPluginManager: Mounting plugin MaterialAnalyzer
LogPluginManager: Mounting plugin MobileLauncherProfileWizard
LogPluginManager: Mounting plugin PluginBrowser
LogPluginManager: Mounting plugin SpeedTreeImporter
LogPluginManager: Mounting plugin DatasmithContent
LogPluginManager: Mounting plugin VariantManagerContent
LogPluginManager: Mounting plugin AlembicImporter
LogPluginManager: Mounting plugin AutomationUtils
LogPluginManager: Mounting plugin BackChannel
LogPluginManager: Mounting plugin ChaosCloth
LogPluginManager: Mounting plugin ChaosClothEditor
LogPluginManager: Mounting plugin ChaosEditor
LogPluginManager: Mounting plugin ChaosNiagara
LogPluginManager: Mounting plugin ChaosSolverPlugin
LogPluginManager: Mounting plugin CharacterAI
LogPluginManager: Mounting plugin GeometryCache
LogPluginManager: Mounting plugin GeometryCollectionPlugin
LogPluginManager: Mounting plugin GeometryProcessing
LogPluginManager: Mounting plugin PlanarCut
LogPluginManager: Mounting plugin PlatformCrypto
LogPluginManager: Mounting plugin ProxyLODPlugin
LogPluginManager: Mounting plugin SkeletalReduction
LogPluginManager: Mounting plugin Niagara
LogPluginManager: Mounting plugin MagicLeap
LogPluginManager: Mounting plugin MagicLeapLightEstimation
LogPluginManager: Mounting plugin MagicLeapMedia
LogPluginManager: Mounting plugin MagicLeapPassableWorld
LogPluginManager: Mounting plugin MLSDK
LogPluginManager: Mounting plugin AndroidMedia
LogPluginManager: Mounting plugin AvfMedia
LogPluginManager: Mounting plugin ImgMedia
LogPluginManager: Mounting plugin MediaCompositing
LogPluginManager: Mounting plugin MediaPlayerEditor
LogPluginManager: Mounting plugin WebMMedia
LogPluginManager: Mounting plugin WmfMedia
LogPluginManager: Mounting plugin MeshPainting
LogPluginManager: Mounting plugin TcpMessaging
LogPluginManager: Mounting plugin UdpMessaging
LogPluginManager: Mounting plugin ActorSequence
LogPluginManager: Mounting plugin LevelSequenceEditor
LogPluginManager: Mounting plugin MatineeToLevelSequence
LogPluginManager: Mounting plugin MovieRenderPipeline
LogPluginManager: Mounting plugin TemplateSequence
LogPluginManager: Mounting plugin NetcodeUnitTest
LogPluginManager: Mounting plugin NUTUnrealEngine4
LogPluginManager: Mounting plugin OnlineSubsystemGooglePlay
LogPluginManager: Mounting plugin OnlineSubsystemIOS
LogPluginManager: Mounting plugin OnlineSubsystem
LogPluginManager: Mounting plugin OnlineSubsystemNull
LogPluginManager: Mounting plugin OnlineSubsystemUtils
LogPluginManager: Mounting plugin LauncherChunkInstaller
LogPluginManager: Mounting plugin AndroidDeviceProfileSelector
LogPluginManager: Mounting plugin AndroidMoviePlayer
LogPluginManager: Mounting plugin AndroidPermission
LogPluginManager: Mounting plugin AppleImageUtils
LogPluginManager: Mounting plugin AppleMoviePlayer
LogPluginManager: Mounting plugin ArchVisCharacter
LogPluginManager: Mounting plugin AssetTags
LogPluginManager: Mounting plugin AudioCapture
LogPluginManager: Mounting plugin CableComponent
LogPluginManager: Mounting plugin CustomMeshComponent
LogPluginManager: Mounting plugin EditableMesh
LogPluginManager: Mounting plugin ExampleDeviceProfileSelector
LogPluginManager: Mounting plugin GoogleCloudMessaging
LogPluginManager: Mounting plugin GooglePAD
LogPluginManager: Mounting plugin IOSDeviceProfileSelector
LogPluginManager: Mounting plugin LinuxDeviceProfileSelector
LogPluginManager: Mounting plugin LocationServicesBPLibrary
LogPluginManager: Mounting plugin MobilePatchingUtils
LogPluginManager: Mounting plugin OculusVR
LogPluginManager: Mounting plugin PhysXVehicles
LogPluginManager: Mounting plugin PostSplashScreen
LogPluginManager: Mounting plugin ProceduralMeshComponent
LogPluginManager: Mounting plugin RuntimePhysXCooking
LogPluginManager: Mounting plugin SignificanceManager
LogPluginManager: Mounting plugin SoundFields
LogPluginManager: Mounting plugin SteamVR
LogPluginManager: Mounting plugin Synthesis
LogPluginManager: Mounting plugin WebMMoviePlayer
LogPluginManager: Mounting plugin WindowsMoviePlayer
LogPluginManager: Mounting plugin ScreenshotTools
LogInit: Using libcurl 7.55.1-DEV
LogInit:  - built for x86_64-pc-win32
LogInit:  - supports SSL with OpenSSL/1.1.1
LogInit:  - supports HTTP deflate (compression) using libz 1.2.8
LogInit:  - other features:
LogInit:      CURL_VERSION_SSL
LogInit:      CURL_VERSION_LIBZ
LogInit:      CURL_VERSION_IPV6
LogInit:      CURL_VERSION_ASYNCHDNS
LogInit:      CURL_VERSION_LARGEFILE
LogInit:      CURL_VERSION_IDN
LogInit:  CurlRequestOptions (configurable via config and command line):
LogInit:  - bVerifyPeer = true  - Libcurl will verify peer certificate
LogInit:  - bUseHttpProxy = false  - Libcurl will NOT use HTTP proxy
LogInit:  - bDontReuseConnections = false  - Libcurl will reuse connections
LogInit:  - MaxHostConnections = 16  - Libcurl will limit the number of connections to a host
LogInit:  - LocalHostAddr = Default
LogInit:  - BufferSize = 65536
LogOnline: OSS: Creating online subsystem instance for: NULL
LogInit: WinSock: version 1.1 (2.2), MaxSocks=32767, MaxUdp=65467
LogOnline: OSS: TryLoadSubsystemAndSetDefault: Loaded subsystem for module [NULL]
LogInit: Build: ++UE4+Release-4.25-CL-13594126
LogInit: Engine Version: 4.25.1-13594126+++UE4+Release-4.25
LogInit: Compatible Engine Version: 4.25.0-13144385+++UE4+Release-4.25
LogInit: Net CL: 13144385
LogInit: OS: Windows 10 (Release 2004) (), CPU: AMD Ryzen 9 3900X 12-Core Processor            , GPU: NVIDIA GeForce RTX 2070 SUPER
LogInit: Compiled (64-bit): Jun  2 2020 02:10:36
LogInit: Compiled with Visual C++: 19.24.28315.00
LogInit: Build Configuration: Development
LogInit: Branch Name: ++UE4+Release-4.25
LogInit: Command Line:  -skipcompile
LogInit: Base Directory: C:/Program Files/Unreal Engine/UE_4.25/Engine/Binaries/Win64/
LogInit: Allocator: TBB
LogInit: Installed Engine Build: 1
LogDevObjectVersion: Number of dev versions registered: 26
LogDevObjectVersion:   Dev-Blueprints (B0D832E4-1F89-4F0D-ACCF-7EB736FD4AA2): 10
LogDevObjectVersion:   Dev-Build (E1C64328-A22C-4D53-A36C-8E866417BD8C): 0
LogDevObjectVersion:   Dev-Core (375EC13C-06E4-48FB-B500-84F0262A717E): 4
LogDevObjectVersion:   Dev-Editor (E4B068ED-F494-42E9-A231-DA0B2E46BB41): 38
LogDevObjectVersion:   Dev-Framework (CFFC743F-43B0-4480-9391-14DF171D2073): 37
LogDevObjectVersion:   Dev-Mobile (B02B49B5-BB20-44E9-A304-32B752E40360): 2
LogDevObjectVersion:   Dev-Networking (A4E4105C-59A1-49B5-A7C5-40C4547EDFEE): 0
LogDevObjectVersion:   Dev-Online (39C831C9-5AE6-47DC-9A44-9C173E1C8E7C): 0
LogDevObjectVersion:   Dev-Physics (78F01B33-EBEA-4F98-B9B4-84EACCB95AA2): 4
LogDevObjectVersion:   Dev-Platform (6631380F-2D4D-43E0-8009-CF276956A95A): 0
LogDevObjectVersion:   Dev-Rendering (12F88B9F-8875-4AFC-A67C-D90C383ABD29): 43
LogDevObjectVersion:   Dev-Sequencer (7B5AE74C-D270-4C10-A958-57980B212A5A): 12
LogDevObjectVersion:   Dev-VR (D7296918-1DD6-4BDD-9DE2-64A83CC13884): 3
LogDevObjectVersion:   Dev-LoadTimes (C2A15278-BFE7-4AFE-6C17-90FF531DF755): 1
LogDevObjectVersion:   Private-Geometry (6EACA3D4-40EC-4CC1-B786-8BED09428FC5): 3
LogDevObjectVersion:   Dev-AnimPhys (29E575DD-E0A3-4627-9D10-D276232CDCEA): 17
LogDevObjectVersion:   Dev-Anim (AF43A65D-7FD3-4947-9873-3E8ED9C1BB05): 7
LogDevObjectVersion:   Dev-ReflectionCapture (6B266CEC-1EC7-4B8F-A30B-E4D90942FC07): 1
LogDevObjectVersion:   Dev-Automation (0DF73D61-A23F-47EA-B727-89E90C41499A): 1
LogDevObjectVersion:   FortniteMain (601D1886-AC64-4F84-AA16-D3DE0DEAC7D6): 31
LogDevObjectVersion:   Dev-Enterprise (9DFFBCD6-494F-0158-E221-12823C92A888): 10
LogDevObjectVersion:   Dev-Niagara (F2AED0AC-9AFE-416F-8664-AA7FFA26D6FC): 1
LogDevObjectVersion:   Dev-Destruction (174F1F0B-B4C6-45A5-B13F-2EE8D0FB917D): 10
LogDevObjectVersion:   Dev-Physics-Ext (35F94A83-E258-406C-A318-09F59610247C): 37
LogDevObjectVersion:   Dev-PhysicsMaterial-Chaos (B68FC16E-8B1B-42E2-B453-215C058844FE): 1
LogDevObjectVersion:   Dev-CineCamera (B2E18506-4273-CFC2-A54E-F4BB758BBA07): 1
LogInit: Presizing for max 25165824 objects, including 0 objects not considered by GC, pre-allocating 0 bytes for permanent pool.
LogConfig: Applying CVar settings from Section [/Script/Engine.StreamingSettings] File [D:/Unreal/BuildingEscape/Saved/Config/Windows/Engine.ini]
LogConfig: Setting CVar [[s.MinBulkDataSizeForAsyncLoading:131072]]
LogConfig: Setting CVar [[s.AsyncLoadingThreadEnabled:0]]
LogConfig: Setting CVar [[s.EventDrivenLoaderEnabled:1]]
LogConfig: Setting CVar [[s.WarnIfTimeLimitExceeded:0]]
LogConfig: Setting CVar [[s.TimeLimitExceededMultiplier:1.5]]
LogConfig: Setting CVar [[s.TimeLimitExceededMinTime:0.005]]
LogConfig: Setting CVar [[s.UseBackgroundLevelStreaming:1]]
LogConfig: Setting CVar [[s.PriorityAsyncLoadingExtraTime:15.0]]
LogConfig: Setting CVar [[s.LevelStreamingActorsUpdateTimeLimit:5.0]]
LogConfig: Setting CVar [[s.PriorityLevelStreamingActorsUpdateExtraTime:5.0]]
LogConfig: Setting CVar [[s.LevelStreamingComponentsRegistrationGranularity:10]]
LogConfig: Setting CVar [[s.UnregisterComponentsTimeLimit:1.0]]
LogConfig: Setting CVar [[s.LevelStreamingComponentsUnregistrationGranularity:5]]
LogConfig: Setting CVar [[s.FlushStreamingOnExit:1]]
LogInit: Object subsystem initialized
LogConfig: Setting CVar [[con.DebugEarlyDefault:1]]
LogConfig: Setting CVar [[r.setres:1280x720]]
[2020.07.14-07.33.34:463][  0]LogConfig: Setting CVar [[r.VSync:0]]
[2020.07.14-07.33.34:463][  0]LogConfig: Setting CVar [[r.RHICmdBypass:0]]
[2020.07.14-07.33.34:464][  0]LogConfig: Applying CVar settings from Section [/Script/Engine.RendererSettings] File [D:/Unreal/BuildingEscape/Saved/Config/Windows/Engine.ini]
[2020.07.14-07.33.34:464][  0]LogConfig: Setting CVar [[r.GPUCrashDebugging:0]]
[2020.07.14-07.33.34:464][  0]LogConfig: Applying CVar settings from Section [/Script/Engine.RendererOverrideSettings] File [D:/Unreal/BuildingEscape/Saved/Config/Windows/Engine.ini]
[2020.07.14-07.33.34:464][  0]LogConfig: Applying CVar settings from Section [/Script/Engine.StreamingSettings] File [D:/Unreal/BuildingEscape/Saved/Config/Windows/Engine.ini]
[2020.07.14-07.33.34:464][  0]LogConfig: Setting CVar [[s.MinBulkDataSizeForAsyncLoading:131072]]
[2020.07.14-07.33.34:464][  0]LogConfig: Setting CVar [[s.AsyncLoadingThreadEnabled:0]]
[2020.07.14-07.33.34:464][  0]LogConfig: Setting CVar [[s.EventDrivenLoaderEnabled:1]]
[2020.07.14-07.33.34:464][  0]LogConfig: Setting CVar [[s.WarnIfTimeLimitExceeded:0]]
[2020.07.14-07.33.34:464][  0]LogConfig: Setting CVar [[s.TimeLimitExceededMultiplier:1.5]]
[2020.07.14-07.33.34:464][  0]LogConfig: Setting CVar [[s.TimeLimitExceededMinTime:0.005]]
[2020.07.14-07.33.34:464][  0]LogConfig: Setting CVar [[s.UseBackgroundLevelStreaming:1]]
[2020.07.14-07.33.34:464][  0]LogConfig: Setting CVar [[s.PriorityAsyncLoadingExtraTime:15.0]]
[2020.07.14-07.33.34:464][  0]LogConfig: Setting CVar [[s.LevelStreamingActorsUpdateTimeLimit:5.0]]
[2020.07.14-07.33.34:464][  0]LogConfig: Setting CVar [[s.PriorityLevelStreamingActorsUpdateExtraTime:5.0]]
[2020.07.14-07.33.34:464][  0]LogConfig: Setting CVar [[s.LevelStreamingComponentsRegistrationGranularity:10]]
[2020.07.14-07.33.34:464][  0]LogConfig: Setting CVar [[s.UnregisterComponentsTimeLimit:1.0]]
[2020.07.14-07.33.34:464][  0]LogConfig: Setting CVar [[s.LevelStreamingComponentsUnregistrationGranularity:5]]
[2020.07.14-07.33.34:464][  0]LogConfig: Setting CVar [[s.FlushStreamingOnExit:1]]
[2020.07.14-07.33.34:464][  0]LogConfig: Applying CVar settings from Section [/Script/Engine.GarbageCollectionSettings] File [D:/Unreal/BuildingEscape/Saved/Config/Windows/Engine.ini]
[2020.07.14-07.33.34:464][  0]LogConfig: Setting CVar [[gc.MaxObjectsNotConsideredByGC:1]]
[2020.07.14-07.33.34:464][  0]LogConfig: Setting CVar [[gc.SizeOfPermanentObjectPool:0]]
[2020.07.14-07.33.34:464][  0]LogConfig: Setting CVar [[gc.FlushStreamingOnGC:0]]
[2020.07.14-07.33.34:464][  0]LogConfig: Setting CVar [[gc.NumRetriesBeforeForcingGC:10]]
[2020.07.14-07.33.34:464][  0]LogConfig: Setting CVar [[gc.AllowParallelGC:1]]
[2020.07.14-07.33.34:464][  0]LogConfig: Setting CVar [[gc.TimeBetweenPurgingPendingKillObjects:61.1]]
[2020.07.14-07.33.34:465][  0]LogConfig: Setting CVar [[gc.MaxObjectsInEditor:25165824]]
[2020.07.14-07.33.34:465][  0]LogConfig: Setting CVar [[gc.IncrementalBeginDestroyEnabled:1]]
[2020.07.14-07.33.34:465][  0]LogConfig: Setting CVar [[gc.CreateGCClusters:1]]
[2020.07.14-07.33.34:465][  0]LogConfig: Setting CVar [[gc.MinGCClusterSize:5]]
[2020.07.14-07.33.34:465][  0]LogConfig: Setting CVar [[gc.ActorClusteringEnabled:0]]
[2020.07.14-07.33.34:465][  0]LogConfig: Setting CVar [[gc.BlueprintClusteringEnabled:0]]
[2020.07.14-07.33.34:465][  0]LogConfig: Setting CVar [[gc.UseDisregardForGCOnDedicatedServers:0]]
[2020.07.14-07.33.34:465][  0]LogConfig: Applying CVar settings from Section [/Script/Engine.NetworkSettings] File [D:/Unreal/BuildingEscape/Saved/Config/Windows/Engine.ini]
[2020.07.14-07.33.34:465][  0]LogConfig: Applying CVar settings from Section [/Script/UnrealEd.CookerSettings] File [D:/Unreal/BuildingEscape/Saved/Config/Windows/Engine.ini]
[2020.07.14-07.33.34:472][  0]LogConfig: Applying CVar settings from Section [ViewDistanceQuality@3] File [D:/Unreal/BuildingEscape/Saved/Config/Windows/Scalability.ini]
[2020.07.14-07.33.34:472][  0]LogConfig: Setting CVar [[r.SkeletalMeshLODBias:0]]
[2020.07.14-07.33.34:472][  0]LogConfig: Setting CVar [[r.ViewDistanceScale:1.0]]
[2020.07.14-07.33.34:472][  0]LogConfig: Applying CVar settings from Section [AntiAliasingQuality@3] File [D:/Unreal/BuildingEscape/Saved/Config/Windows/Scalability.ini]
[2020.07.14-07.33.34:472][  0]LogConfig: Setting CVar [[r.PostProcessAAQuality:4]]
[2020.07.14-07.33.34:472][  0]LogConfig: Applying CVar settings from Section [ShadowQuality@3] File [D:/Unreal/BuildingEscape/Saved/Config/Windows/Scalability.ini]
[2020.07.14-07.33.34:472][  0]LogConfig: Setting CVar [[r.LightFunctionQuality:1]]
[2020.07.14-07.33.34:472][  0]LogConfig: Setting CVar [[r.ShadowQuality:5]]
[2020.07.14-07.33.34:472][  0]LogConfig: Setting CVar [[r.Shadow.CSM.MaxCascades:10]]
[2020.07.14-07.33.34:472][  0]LogConfig: Setting CVar [[r.Shadow.MaxResolution:2048]]
[2020.07.14-07.33.34:472][  0]LogConfig: Setting CVar [[r.Shadow.MaxCSMResolution:2048]]
[2020.07.14-07.33.34:472][  0]LogConfig: Setting CVar [[r.Shadow.RadiusThreshold:0.01]]
[2020.07.14-07.33.34:472][  0]LogConfig: Setting CVar [[r.Shadow.DistanceScale:1.0]]
[2020.07.14-07.33.34:472][  0]LogConfig: Setting CVar [[r.Shadow.CSM.TransitionScale:1.0]]
[2020.07.14-07.33.34:472][  0]LogConfig: Setting CVar [[r.Shadow.PreShadowResolutionFactor:1.0]]
[2020.07.14-07.33.34:472][  0]LogConfig: Setting CVar [[r.DistanceFieldShadowing:1]]
[2020.07.14-07.33.34:473][  0]LogConfig: Setting CVar [[r.DistanceFieldAO:1]]
[2020.07.14-07.33.34:473][  0]LogConfig: Setting CVar [[r.AOQuality:2]]
[2020.07.14-07.33.34:473][  0]LogConfig: Setting CVar [[r.VolumetricFog:1]]
[2020.07.14-07.33.34:473][  0]LogConfig: Setting CVar [[r.VolumetricFog.GridPixelSize:8]]
[2020.07.14-07.33.34:473][  0]LogConfig: Setting CVar [[r.VolumetricFog.GridSizeZ:128]]
[2020.07.14-07.33.34:473][  0]LogConfig: Setting CVar [[r.VolumetricFog.HistoryMissSupersampleCount:4]]
[2020.07.14-07.33.34:473][  0]LogConfig: Setting CVar [[r.LightMaxDrawDistanceScale:1]]
[2020.07.14-07.33.34:473][  0]LogConfig: Setting CVar [[r.CapsuleShadows:1]]
[2020.07.14-07.33.34:473][  0]LogConfig: Applying CVar settings from Section [PostProcessQuality@3] File [D:/Unreal/BuildingEscape/Saved/Config/Windows/Scalability.ini]
[2020.07.14-07.33.34:473][  0]LogConfig: Setting CVar [[r.MotionBlurQuality:4]]
[2020.07.14-07.33.34:473][  0]LogConfig: Setting CVar [[r.AmbientOcclusionMipLevelFactor:0.4]]
[2020.07.14-07.33.34:473][  0]LogConfig: Setting CVar [[r.AmbientOcclusionMaxQuality:100]]
[2020.07.14-07.33.34:473][  0]LogConfig: Setting CVar [[r.AmbientOcclusionLevels:-1]]
[2020.07.14-07.33.34:473][  0]LogConfig: Setting CVar [[r.AmbientOcclusionRadiusScale:1.0]]
[2020.07.14-07.33.34:473][  0]LogConfig: Setting CVar [[r.DepthOfFieldQuality:2]]
[2020.07.14-07.33.34:473][  0]LogConfig: Setting CVar [[r.RenderTargetPoolMin:400]]
[2020.07.14-07.33.34:473][  0]LogConfig: Setting CVar [[r.LensFlareQuality:2]]
[2020.07.14-07.33.34:473][  0]LogConfig: Setting CVar [[r.SceneColorFringeQuality:1]]
[2020.07.14-07.33.34:473][  0]LogConfig: Setting CVar [[r.EyeAdaptationQuality:2]]
[2020.07.14-07.33.34:473][  0]LogConfig: Setting CVar [[r.BloomQuality:5]]
[2020.07.14-07.33.34:473][  0]LogConfig: Setting CVar [[r.FastBlurThreshold:100]]
[2020.07.14-07.33.34:473][  0]LogConfig: Setting CVar [[r.Upscale.Quality:3]]
[2020.07.14-07.33.34:473][  0]LogConfig: Setting CVar [[r.Tonemapper.GrainQuantization:1]]
[2020.07.14-07.33.34:473][  0]LogConfig: Setting CVar [[r.LightShaftQuality:1]]
[2020.07.14-07.33.34:473][  0]LogConfig: Setting CVar [[r.Filter.SizeScale:1]]
[2020.07.14-07.33.34:474][  0]LogConfig: Setting CVar [[r.Tonemapper.Quality:5]]
[2020.07.14-07.33.34:474][  0]LogConfig: Setting CVar [[r.DOF.Gather.AccumulatorQuality:1        ; higher gathering accumulator quality]]
[2020.07.14-07.33.34:474][  0]LogConfig: Setting CVar [[r.DOF.Gather.PostfilterMethod:1          ; Median3x3 postfilering method]]
[2020.07.14-07.33.34:474][  0]LogConfig: Setting CVar [[r.DOF.Gather.EnableBokehSettings:0       ; no bokeh simulation when gathering]]
[2020.07.14-07.33.34:474][  0]LogConfig: Setting CVar [[r.DOF.Gather.RingCount:4                 ; medium number of samples when gathering]]
[2020.07.14-07.33.34:474][  0]LogConfig: Setting CVar [[r.DOF.Scatter.ForegroundCompositing:1    ; additive foreground scattering]]
[2020.07.14-07.33.34:474][  0]LogConfig: Setting CVar [[r.DOF.Scatter.BackgroundCompositing:2    ; additive background scattering]]
[2020.07.14-07.33.34:474][  0]LogConfig: Setting CVar [[r.DOF.Scatter.EnableBokehSettings:1      ; bokeh simulation when scattering]]
[2020.07.14-07.33.34:474][  0]LogConfig: Setting CVar [[r.DOF.Scatter.MaxSpriteRatio:0.1         ; only a maximum of 10% of scattered bokeh]]
[2020.07.14-07.33.34:474][  0]LogConfig: Setting CVar [[r.DOF.Recombine.Quality:1                ; cheap slight out of focus]]
[2020.07.14-07.33.34:474][  0]LogConfig: Setting CVar [[r.DOF.Recombine.EnableBokehSettings:0    ; no bokeh simulation on slight out of focus]]
[2020.07.14-07.33.34:474][  0]LogConfig: Setting CVar [[r.DOF.TemporalAAQuality:1                ; more stable temporal accumulation]]
[2020.07.14-07.33.34:474][  0]LogConfig: Setting CVar [[r.DOF.Kernel.MaxForegroundRadius:0.025]]
[2020.07.14-07.33.34:474][  0]LogConfig: Setting CVar [[r.DOF.Kernel.MaxBackgroundRadius:0.025]]
[2020.07.14-07.33.34:474][  0]LogConfig: Applying CVar settings from Section [TextureQuality@3] File [D:/Unreal/BuildingEscape/Saved/Config/Windows/Scalability.ini]
[2020.07.14-07.33.34:474][  0]LogConfig: Setting CVar [[r.Streaming.MipBias:0]]
[2020.07.14-07.33.34:474][  0]LogConfig: Setting CVar [[r.Streaming.AmortizeCPUToGPUCopy:0]]
[2020.07.14-07.33.34:474][  0]LogConfig: Setting CVar [[r.Streaming.MaxNumTexturesToStreamPerFrame:0]]
[2020.07.14-07.33.34:474][  0]LogConfig: Setting CVar [[r.Streaming.Boost:1]]
[2020.07.14-07.33.34:474][  0]LogConfig: Setting CVar [[r.MaxAnisotropy:8]]
[2020.07.14-07.33.34:474][  0]LogConfig: Setting CVar [[r.VT.MaxAnisotropy:8]]
[2020.07.14-07.33.34:474][  0]LogConfig: Setting CVar [[r.Streaming.LimitPoolSizeToVRAM:0]]
[2020.07.14-07.33.34:474][  0]LogConfig: Setting CVar [[r.Streaming.PoolSize:1000]]
[2020.07.14-07.33.34:474][  0]LogConfig: Setting CVar [[r.Streaming.MaxEffectiveScreenSize:0]]
[2020.07.14-07.33.34:474][  0]LogConfig: Applying CVar settings from Section [EffectsQuality@3] File [D:/Unreal/BuildingEscape/Saved/Config/Windows/Scalability.ini]
[2020.07.14-07.33.34:474][  0]LogConfig: Setting CVar [[r.TranslucencyLightingVolumeDim:64]]
[2020.07.14-07.33.34:474][  0]LogConfig: Setting CVar [[r.RefractionQuality:2]]
[2020.07.14-07.33.34:475][  0]LogConfig: Setting CVar [[r.SSR.Quality:3]]
[2020.07.14-07.33.34:475][  0]LogConfig: Setting CVar [[r.SSR.HalfResSceneColor:0]]
[2020.07.14-07.33.34:475][  0]LogConfig: Setting CVar [[r.SceneColorFormat:4]]
[2020.07.14-07.33.34:475][  0]LogConfig: Setting CVar [[r.DetailMode:2]]
[2020.07.14-07.33.34:475][  0]LogConfig: Setting CVar [[r.TranslucencyVolumeBlur:1]]
[2020.07.14-07.33.34:475][  0]LogConfig: Setting CVar [[r.MaterialQualityLevel:1 ; High quality]]
[2020.07.14-07.33.34:475][  0]LogConfig: Setting CVar [[r.SSS.Scale:1]]
[2020.07.14-07.33.34:475][  0]LogConfig: Setting CVar [[r.SSS.SampleSet:2]]
[2020.07.14-07.33.34:475][  0]LogConfig: Setting CVar [[r.SSS.Quality:1]]
[2020.07.14-07.33.34:475][  0]LogConfig: Setting CVar [[r.SSS.HalfRes:0]]
[2020.07.14-07.33.34:475][  0]LogConfig: Setting CVar [[r.SSGI.Quality:3]]
[2020.07.14-07.33.34:475][  0]LogConfig: Setting CVar [[r.EmitterSpawnRateScale:1.0]]
[2020.07.14-07.33.34:475][  0]LogConfig: Setting CVar [[r.ParticleLightQuality:2]]
[2020.07.14-07.33.34:475][  0]LogConfig: Setting CVar [[r.SkyAtmosphere.AerialPerspectiveLUT.FastApplyOnOpaque:1 ; Always have FastSkyLUT 1 in this case to avoid wrong sky]]
[2020.07.14-07.33.34:475][  0]LogConfig: Setting CVar [[r.SkyAtmosphere.AerialPerspectiveLUT.SampleCountPerSlice:1]]
[2020.07.14-07.33.34:475][  0]LogConfig: Setting CVar [[r.SkyAtmosphere.AerialPerspectiveLUT.DepthResolution:16.0]]
[2020.07.14-07.33.34:475][  0]LogConfig: Setting CVar [[r.SkyAtmosphere.FastSkyLUT:1]]
[2020.07.14-07.33.34:475][  0]LogConfig: Setting CVar [[r.SkyAtmosphere.FastSkyLUT.SampleCountMin:4.0]]
[2020.07.14-07.33.34:475][  0]LogConfig: Setting CVar [[r.SkyAtmosphere.FastSkyLUT.SampleCountMax:32.0]]
[2020.07.14-07.33.34:475][  0]LogConfig: Setting CVar [[r.SkyAtmosphere.SampleCountMin:4.0]]
[2020.07.14-07.33.34:475][  0]LogConfig: Setting CVar [[r.SkyAtmosphere.SampleCountMax:32.0]]
[2020.07.14-07.33.34:475][  0]LogConfig: Setting CVar [[r.SkyAtmosphere.TransmittanceLUT.UseSmallFormat:0]]
[2020.07.14-07.33.34:475][  0]LogConfig: Setting CVar [[r.SkyAtmosphere.TransmittanceLUT.SampleCount:10.0]]
[2020.07.14-07.33.34:475][  0]LogConfig: Setting CVar [[r.SkyAtmosphere.MultiScatteringLUT.SampleCount:15.0]]
[2020.07.14-07.33.34:476][  0]LogConfig: Applying CVar settings from Section [FoliageQuality@3] File [D:/Unreal/BuildingEscape/Saved/Config/Windows/Scalability.ini]
[2020.07.14-07.33.34:476][  0]LogConfig: Setting CVar [[foliage.DensityScale:1.0]]
[2020.07.14-07.33.34:476][  0]LogConfig: Setting CVar [[grass.DensityScale:1.0]]
[2020.07.14-07.33.34:476][  0]LogConfig: Applying CVar settings from Section [ShadingQuality@3] File [D:/Unreal/BuildingEscape/Saved/Config/Windows/Scalability.ini]
[2020.07.14-07.33.34:476][  0]LogConfig: Setting CVar [[r.HairStrands.SkyLighting.SampleCount:16]]
[2020.07.14-07.33.34:476][  0]LogConfig: Setting CVar [[r.HairStrands.SkyLighting.JitterIntegration:0]]
[2020.07.14-07.33.34:476][  0]LogConfig: Setting CVar [[r.HairStrands.SkyAO.SampleCount:16]]
[2020.07.14-07.33.34:476][  0]LogConfig: Setting CVar [[r.HairStrands.DeepShadow.SuperSampling:0]]
[2020.07.14-07.33.34:476][  0]LogConfig: Setting CVar [[r.HairStrands.VisibilityPPLL:0]]
[2020.07.14-07.33.34:476][  0]LogConfig: Setting CVar [[r.HairStrands.RasterizationScale:0.5]]
[2020.07.14-07.33.34:476][  0]LogConfig: Setting CVar [[r.HairStrands.VelocityRasterizationScale:1]]
[2020.07.14-07.33.34:476][  0]LogInit: Selected Device Profile: [Windows]
[2020.07.14-07.33.34:476][  0]LogInit: Applying CVar settings loaded from the selected device profile: [Windows]
[2020.07.14-07.33.34:476][  0]LogHAL: Display: Platform has ~ 32 GB [34266222592 / 34359738368 / 32], which maps to Largest [LargestMinGB=32, LargerMinGB=12, DefaultMinGB=8, SmallerMinGB=6, SmallestMinGB=0)
[2020.07.14-07.33.34:476][  0]LogInit: Going up to parent DeviceProfile []
[2020.07.14-07.33.34:476][  0]LogConfig: Applying CVar settings from Section [ViewDistanceQuality@3] File [D:/Unreal/BuildingEscape/Saved/Config/Windows/Scalability.ini]
[2020.07.14-07.33.34:476][  0]LogConfig: Setting CVar [[r.SkeletalMeshLODBias:0]]
[2020.07.14-07.33.34:476][  0]LogConfig: Setting CVar [[r.ViewDistanceScale:1.0]]
[2020.07.14-07.33.34:476][  0]LogConfig: Applying CVar settings from Section [AntiAliasingQuality@3] File [D:/Unreal/BuildingEscape/Saved/Config/Windows/Scalability.ini]
[2020.07.14-07.33.34:476][  0]LogConfig: Setting CVar [[r.PostProcessAAQuality:4]]
[2020.07.14-07.33.34:476][  0]LogConfig: Applying CVar settings from Section [ShadowQuality@3] File [D:/Unreal/BuildingEscape/Saved/Config/Windows/Scalability.ini]
[2020.07.14-07.33.34:477][  0]LogConfig: Setting CVar [[r.LightFunctionQuality:1]]
[2020.07.14-07.33.34:477][  0]LogConfig: Setting CVar [[r.ShadowQuality:5]]
[2020.07.14-07.33.34:477][  0]LogConfig: Setting CVar [[r.Shadow.CSM.MaxCascades:10]]
[2020.07.14-07.33.34:477][  0]LogConfig: Setting CVar [[r.Shadow.MaxResolution:2048]]
[2020.07.14-07.33.34:477][  0]LogConfig: Setting CVar [[r.Shadow.MaxCSMResolution:2048]]
[2020.07.14-07.33.34:477][  0]LogConfig: Setting CVar [[r.Shadow.RadiusThreshold:0.01]]
[2020.07.14-07.33.34:477][  0]LogConfig: Setting CVar [[r.Shadow.DistanceScale:1.0]]
[2020.07.14-07.33.34:477][  0]LogConfig: Setting CVar [[r.Shadow.CSM.TransitionScale:1.0]]
[2020.07.14-07.33.34:477][  0]LogConfig: Setting CVar [[r.Shadow.PreShadowResolutionFactor:1.0]]
[2020.07.14-07.33.34:477][  0]LogConfig: Setting CVar [[r.DistanceFieldShadowing:1]]
[2020.07.14-07.33.34:477][  0]LogConfig: Setting CVar [[r.DistanceFieldAO:1]]
[2020.07.14-07.33.34:477][  0]LogConfig: Setting CVar [[r.AOQuality:2]]
[2020.07.14-07.33.34:477][  0]LogConfig: Setting CVar [[r.VolumetricFog:1]]
[2020.07.14-07.33.34:477][  0]LogConfig: Setting CVar [[r.VolumetricFog.GridPixelSize:8]]
[2020.07.14-07.33.34:477][  0]LogConfig: Setting CVar [[r.VolumetricFog.GridSizeZ:128]]
[2020.07.14-07.33.34:477][  0]LogConfig: Setting CVar [[r.VolumetricFog.HistoryMissSupersampleCount:4]]
[2020.07.14-07.33.34:477][  0]LogConfig: Setting CVar [[r.LightMaxDrawDistanceScale:1]]
[2020.07.14-07.33.34:477][  0]LogConfig: Setting CVar [[r.CapsuleShadows:1]]
[2020.07.14-07.33.34:477][  0]LogConfig: Applying CVar settings from Section [PostProcessQuality@3] File [D:/Unreal/BuildingEscape/Saved/Config/Windows/Scalability.ini]
[2020.07.14-07.33.34:477][  0]LogConfig: Setting CVar [[r.MotionBlurQuality:4]]
[2020.07.14-07.33.34:478][  0]LogConfig: Setting CVar [[r.AmbientOcclusionMipLevelFactor:0.4]]
[2020.07.14-07.33.34:478][  0]LogConfig: Setting CVar [[r.AmbientOcclusionMaxQuality:100]]
[2020.07.14-07.33.34:478][  0]LogConfig: Setting CVar [[r.AmbientOcclusionLevels:-1]]
[2020.07.14-07.33.34:478][  0]LogConfig: Setting CVar [[r.AmbientOcclusionRadiusScale:1.0]]
[2020.07.14-07.33.34:478][  0]LogConfig: Setting CVar [[r.DepthOfFieldQuality:2]]
[2020.07.14-07.33.34:478][  0]LogConfig: Setting CVar [[r.RenderTargetPoolMin:400]]
[2020.07.14-07.33.34:478][  0]LogConfig: Setting CVar [[r.LensFlareQuality:2]]
[2020.07.14-07.33.34:478][  0]LogConfig: Setting CVar [[r.SceneColorFringeQuality:1]]
[2020.07.14-07.33.34:478][  0]LogConfig: Setting CVar [[r.EyeAdaptationQuality:2]]
[2020.07.14-07.33.34:478][  0]LogConfig: Setting CVar [[r.BloomQuality:5]]
[2020.07.14-07.33.34:478][  0]LogConfig: Setting CVar [[r.FastBlurThreshold:100]]
[2020.07.14-07.33.34:478][  0]LogConfig: Setting CVar [[r.Upscale.Quality:3]]
[2020.07.14-07.33.34:478][  0]LogConfig: Setting CVar [[r.Tonemapper.GrainQuantization:1]]
[2020.07.14-07.33.34:478][  0]LogConfig: Setting CVar [[r.LightShaftQuality:1]]
[2020.07.14-07.33.34:478][  0]LogConfig: Setting CVar [[r.Filter.SizeScale:1]]
[2020.07.14-07.33.34:478][  0]LogConfig: Setting CVar [[r.Tonemapper.Quality:5]]
[2020.07.14-07.33.34:478][  0]LogConfig: Setting CVar [[r.DOF.Gather.AccumulatorQuality:1        ; higher gathering accumulator quality]]
[2020.07.14-07.33.34:478][  0]LogConfig: Setting CVar [[r.DOF.Gather.PostfilterMethod:1          ; Median3x3 postfilering method]]
[2020.07.14-07.33.34:478][  0]LogConfig: Setting CVar [[r.DOF.Gather.EnableBokehSettings:0       ; no bokeh simulation when gathering]]
[2020.07.14-07.33.34:478][  0]LogConfig: Setting CVar [[r.DOF.Gather.RingCount:4                 ; medium number of samples when gathering]]
[2020.07.14-07.33.34:478][  0]LogConfig: Setting CVar [[r.DOF.Scatter.ForegroundCompositing:1    ; additive foreground scattering]]
[2020.07.14-07.33.34:479][  0]LogConfig: Setting CVar [[r.DOF.Scatter.BackgroundCompositing:2    ; additive background scattering]]
[2020.07.14-07.33.34:479][  0]LogConfig: Setting CVar [[r.DOF.Scatter.EnableBokehSettings:1      ; bokeh simulation when scattering]]
[2020.07.14-07.33.34:479][  0]LogConfig: Setting CVar [[r.DOF.Scatter.MaxSpriteRatio:0.1         ; only a maximum of 10% of scattered bokeh]]
[2020.07.14-07.33.34:479][  0]LogConfig: Setting CVar [[r.DOF.Recombine.Quality:1                ; cheap slight out of focus]]
[2020.07.14-07.33.34:479][  0]LogConfig: Setting CVar [[r.DOF.Recombine.EnableBokehSettings:0    ; no bokeh simulation on slight out of focus]]
[2020.07.14-07.33.34:479][  0]LogConfig: Setting CVar [[r.DOF.TemporalAAQuality:1                ; more stable temporal accumulation]]
[2020.07.14-07.33.34:479][  0]LogConfig: Setting CVar [[r.DOF.Kernel.MaxForegroundRadius:0.025]]
[2020.07.14-07.33.34:479][  0]LogConfig: Setting CVar [[r.DOF.Kernel.MaxBackgroundRadius:0.025]]
[2020.07.14-07.33.34:479][  0]LogConfig: Applying CVar settings from Section [TextureQuality@3] File [D:/Unreal/BuildingEscape/Saved/Config/Windows/Scalability.ini]
[2020.07.14-07.33.34:479][  0]LogConfig: Setting CVar [[r.Streaming.MipBias:0]]
[2020.07.14-07.33.34:479][  0]LogConfig: Setting CVar [[r.Streaming.AmortizeCPUToGPUCopy:0]]
[2020.07.14-07.33.34:479][  0]LogConfig: Setting CVar [[r.Streaming.MaxNumTexturesToStreamPerFrame:0]]
[2020.07.14-07.33.34:479][  0]LogConfig: Setting CVar [[r.Streaming.Boost:1]]
[2020.07.14-07.33.34:479][  0]LogConfig: Setting CVar [[r.MaxAnisotropy:8]]
[2020.07.14-07.33.34:479][  0]LogConfig: Setting CVar [[r.VT.MaxAnisotropy:8]]
[2020.07.14-07.33.34:479][  0]LogConfig: Setting CVar [[r.Streaming.LimitPoolSizeToVRAM:0]]
[2020.07.14-07.33.34:479][  0]LogConfig: Setting CVar [[r.Streaming.PoolSize:1000]]
[2020.07.14-07.33.34:479][  0]LogConfig: Setting CVar [[r.Streaming.MaxEffectiveScreenSize:0]]
[2020.07.14-07.33.34:479][  0]LogConfig: Applying CVar settings from Section [EffectsQuality@3] File [D:/Unreal/BuildingEscape/Saved/Config/Windows/Scalability.ini]
[2020.07.14-07.33.34:479][  0]LogConfig: Setting CVar [[r.TranslucencyLightingVolumeDim:64]]
[2020.07.14-07.33.34:479][  0]LogConfig: Setting CVar [[r.RefractionQuality:2]]
[2020.07.14-07.33.34:479][  0]LogConfig: Setting CVar [[r.SSR.Quality:3]]
[2020.07.14-07.33.34:479][  0]LogConfig: Setting CVar [[r.SSR.HalfResSceneColor:0]]
[2020.07.14-07.33.34:479][  0]LogConfig: Setting CVar [[r.SceneColorFormat:4]]
[2020.07.14-07.33.34:480][  0]LogConfig: Setting CVar [[r.DetailMode:2]]
[2020.07.14-07.33.34:480][  0]LogConfig: Setting CVar [[r.TranslucencyVolumeBlur:1]]
[2020.07.14-07.33.34:480][  0]LogConfig: Setting CVar [[r.MaterialQualityLevel:1 ; High quality]]
[2020.07.14-07.33.34:480][  0]LogConfig: Setting CVar [[r.SSS.Scale:1]]
[2020.07.14-07.33.34:480][  0]LogConfig: Setting CVar [[r.SSS.SampleSet:2]]
[2020.07.14-07.33.34:480][  0]LogConfig: Setting CVar [[r.SSS.Quality:1]]
[2020.07.14-07.33.34:480][  0]LogConfig: Setting CVar [[r.SSS.HalfRes:0]]
[2020.07.14-07.33.34:480][  0]LogConfig: Setting CVar [[r.SSGI.Quality:3]]
[2020.07.14-07.33.34:480][  0]LogConfig: Setting CVar [[r.EmitterSpawnRateScale:1.0]]
[2020.07.14-07.33.34:480][  0]LogConfig: Setting CVar [[r.ParticleLightQuality:2]]
[2020.07.14-07.33.34:480][  0]LogConfig: Setting CVar [[r.SkyAtmosphere.AerialPerspectiveLUT.FastApplyOnOpaque:1 ; Always have FastSkyLUT 1 in this case to avoid wrong sky]]
[2020.07.14-07.33.34:480][  0]LogConfig: Setting CVar [[r.SkyAtmosphere.AerialPerspectiveLUT.SampleCountPerSlice:1]]
[2020.07.14-07.33.34:480][  0]LogConfig: Setting CVar [[r.SkyAtmosphere.AerialPerspectiveLUT.DepthResolution:16.0]]
[2020.07.14-07.33.34:480][  0]LogConfig: Setting CVar [[r.SkyAtmosphere.FastSkyLUT:1]]
[2020.07.14-07.33.34:480][  0]LogConfig: Setting CVar [[r.SkyAtmosphere.FastSkyLUT.SampleCountMin:4.0]]
[2020.07.14-07.33.34:480][  0]LogConfig: Setting CVar [[r.SkyAtmosphere.FastSkyLUT.SampleCountMax:32.0]]
[2020.07.14-07.33.34:480][  0]LogConfig: Setting CVar [[r.SkyAtmosphere.SampleCountMin:4.0]]
[2020.07.14-07.33.34:480][  0]LogConfig: Setting CVar [[r.SkyAtmosphere.SampleCountMax:32.0]]
[2020.07.14-07.33.34:480][  0]LogConfig: Setting CVar [[r.SkyAtmosphere.TransmittanceLUT.UseSmallFormat:0]]
[2020.07.14-07.33.34:480][  0]LogConfig: Setting CVar [[r.SkyAtmosphere.TransmittanceLUT.SampleCount:10.0]]
[2020.07.14-07.33.34:480][  0]LogConfig: Setting CVar [[r.SkyAtmosphere.MultiScatteringLUT.SampleCount:15.0]]
[2020.07.14-07.33.34:480][  0]LogConfig: Applying CVar settings from Section [FoliageQuality@3] File [D:/Unreal/BuildingEscape/Saved/Config/Windows/Scalability.ini]
[2020.07.14-07.33.34:480][  0]LogConfig: Setting CVar [[foliage.DensityScale:1.0]]
[2020.07.14-07.33.34:481][  0]LogConfig: Setting CVar [[grass.DensityScale:1.0]]
[2020.07.14-07.33.34:481][  0]LogConfig: Applying CVar settings from Section [ShadingQuality@3] File [D:/Unreal/BuildingEscape/Saved/Config/Windows/Scalability.ini]
[2020.07.14-07.33.34:481][  0]LogConfig: Setting CVar [[r.HairStrands.SkyLighting.SampleCount:16]]
[2020.07.14-07.33.34:481][  0]LogConfig: Setting CVar [[r.HairStrands.SkyLighting.JitterIntegration:0]]
[2020.07.14-07.33.34:481][  0]LogConfig: Setting CVar [[r.HairStrands.SkyAO.SampleCount:16]]
[2020.07.14-07.33.34:481][  0]LogConfig: Setting CVar [[r.HairStrands.DeepShadow.SuperSampling:0]]
[2020.07.14-07.33.34:481][  0]LogConfig: Setting CVar [[r.HairStrands.VisibilityPPLL:0]]
[2020.07.14-07.33.34:481][  0]LogConfig: Setting CVar [[r.HairStrands.RasterizationScale:0.5]]
[2020.07.14-07.33.34:481][  0]LogConfig: Setting CVar [[r.HairStrands.VelocityRasterizationScale:1]]
[2020.07.14-07.33.34:481][  0]LogConfig: Applying CVar settings from Section [Startup] File [../../../Engine/Config/ConsoleVariables.ini]
[2020.07.14-07.33.34:481][  0]LogConfig: Setting CVar [[net.UseAdaptiveNetUpdateFrequency:0]]
[2020.07.14-07.33.34:481][  0]LogConfig: Setting CVar [[p.chaos.AllowCreatePhysxBodies:1]]
[2020.07.14-07.33.34:481][  0]LogConfig: Setting CVar [[fx.SkipVectorVMBackendOptimizations:1]]
[2020.07.14-07.33.34:481][  0]LogConfig: Applying CVar settings from Section [ConsoleVariables] File [D:/Unreal/BuildingEscape/Saved/Config/Windows/Engine.ini]
[2020.07.14-07.33.34:481][  0]LogInit: Computer: JARVIS
[2020.07.14-07.33.34:481][  0]LogInit: User: TonyStark
[2020.07.14-07.33.34:481][  0]LogInit: CPU Page size=4096, Cores=12
[2020.07.14-07.33.34:481][  0]LogInit: High frequency timer resolution =10.000000 MHz
[2020.07.14-07.33.34:482][  0]LogMemory: Memory total: Physical=31.9GB (32GB approx)
[2020.07.14-07.33.34:482][  0]LogMemory: Platform Memory Stats for Windows
[2020.07.14-07.33.34:482][  0]LogMemory: Process Physical Memory: 118.45 MB used, 118.45 MB peak
[2020.07.14-07.33.34:482][  0]LogMemory: Process Virtual Memory: 100.05 MB used, 100.05 MB peak
[2020.07.14-07.33.34:482][  0]LogMemory: Physical Memory: 9804.24 MB used,  22874.57 MB free, 32678.82 MB total
[2020.07.14-07.33.34:482][  0]LogMemory: Virtual Memory: 5230.17 MB used,  134212496.00 MB free, 134217728.00 MB total
[2020.07.14-07.33.34:490][  0]LogWindows: WindowsPlatformFeatures enabled
[2020.07.14-07.33.34:692][  0]LogInit: Physics initialised using underlying interface: PhysX
[2020.07.14-07.33.34:692][  0]LogInit: Using OS detected language (en-US).
[2020.07.14-07.33.34:692][  0]LogInit: Using OS detected locale (en-US).
[2020.07.14-07.33.34:698][  0]LogTextLocalizationManager: No specific localization for 'en-US' exists, so the 'en' localization will be used.
[2020.07.14-07.33.34:832][  0]LogInit: Setting process to per monitor DPI aware
[2020.07.14-07.33.34:877][  0]LogSlate: New Slate User Created.  User Index 0, Is Virtual User: 0
[2020.07.14-07.33.34:877][  0]LogSlate: Slate User Registered.  User Index 0, Is Virtual User: 0
[2020.07.14-07.33.34:987][  0]LogHMD: Failed to initialize OpenVR with code 110
[2020.07.14-07.33.34:987][  0]LogD3D11RHI: D3D11 min allowed feature level: 11_0
[2020.07.14-07.33.34:987][  0]LogD3D11RHI: D3D11 max allowed feature level: 11_0
[2020.07.14-07.33.34:987][  0]LogD3D11RHI: D3D11 adapters:
[2020.07.14-07.33.35:082][  0]LogD3D11RHI:    0. 'NVIDIA GeForce RTX 2070 SUPER' (Feature Level 11_0)
[2020.07.14-07.33.35:082][  0]LogD3D11RHI:       8011/0/16339 MB DedicatedVideo/DedicatedSystem/SharedSystem, Outputs:2, VendorId:0x10de
[2020.07.14-07.33.35:093][  0]LogD3D11RHI:    1. 'Microsoft Basic Render Driver' (Feature Level 11_0)
[2020.07.14-07.33.35:093][  0]LogD3D11RHI:       0/0/16339 MB DedicatedVideo/DedicatedSystem/SharedSystem, Outputs:0, VendorId:0x1414
[2020.07.14-07.33.35:093][  0]LogD3D11RHI: Chosen D3D11 Adapter: 0
[2020.07.14-07.33.35:102][  0]LogD3D11RHI: Creating new Direct3DDevice
[2020.07.14-07.33.35:102][  0]LogD3D11RHI:     GPU DeviceId: 0x1e84 (for the marketing name, search the web for "GPU Device Id")
[2020.07.14-07.33.35:102][  0]LogWindows: EnumDisplayDevices:
[2020.07.14-07.33.35:102][  0]LogWindows:    0. 'NVIDIA GeForce RTX 2070 SUPER' (P:0 D:1)
[2020.07.14-07.33.35:103][  0]LogWindows:    1. 'NVIDIA GeForce RTX 2070 SUPER' (P:1 D:1)
[2020.07.14-07.33.35:103][  0]LogWindows:    2. 'NVIDIA GeForce RTX 2070 SUPER' (P:0 D:0)
[2020.07.14-07.33.35:103][  0]LogWindows:    3. 'NVIDIA GeForce RTX 2070 SUPER' (P:0 D:0)
[2020.07.14-07.33.35:103][  0]LogWindows: DebugString: FoundDriverCount:4 
[2020.07.14-07.33.35:103][  0]LogD3D11RHI:     Adapter Name: NVIDIA GeForce RTX 2070 SUPER
[2020.07.14-07.33.35:103][  0]LogD3D11RHI:   Driver Version: 451.48 (internal:27.21.14.5148, unified:451.48)
[2020.07.14-07.33.35:103][  0]LogD3D11RHI:      Driver Date: 6-21-2020
[2020.07.14-07.33.35:103][  0]LogRHI: Texture pool is 5607 MB (70% of 8011 MB)
[2020.07.14-07.33.35:166][  0]LogD3D11RHI: RHI has support for 64 bit atomics
[2020.07.14-07.33.35:169][  0]LogD3D11RHI: [Aftermath] Enabled and primed
[2020.07.14-07.33.35:169][  0]LogD3D11RHI: Async texture creation enabled
[2020.07.14-07.33.35:169][  0]LogD3D11RHI: Array index from any shader is supported
[2020.07.14-07.33.35:190][  0]LogD3D11RHI: GPU Timing Frequency: 1000.000000 (Debug: 2 1)
[2020.07.14-07.33.35:431][  0]LogTargetPlatformManager: Display: Loaded TargetPlatform 'AllDesktop'
[2020.07.14-07.33.35:450][  0]LogTargetPlatformManager: Display: Loaded TargetPlatform 'Android'
[2020.07.14-07.33.35:451][  0]LogTargetPlatformManager: Display: Loaded TargetPlatform 'Android_ASTC'
[2020.07.14-07.33.35:451][  0]LogTargetPlatformManager: Display: Loaded TargetPlatform 'Android_DXT'
[2020.07.14-07.33.35:451][  0]LogTargetPlatformManager: Display: Loaded TargetPlatform 'Android_ETC2'
[2020.07.14-07.33.35:451][  0]LogTargetPlatformManager: Display: Loaded TargetPlatform 'AndroidClient'
[2020.07.14-07.33.35:451][  0]LogTargetPlatformManager: Display: Loaded TargetPlatform 'Android_ASTCClient'
[2020.07.14-07.33.35:451][  0]LogTargetPlatformManager: Display: Loaded TargetPlatform 'Android_DXTClient'
[2020.07.14-07.33.35:451][  0]LogTargetPlatformManager: Display: Loaded TargetPlatform 'Android_ETC2Client'
[2020.07.14-07.33.35:451][  0]LogTargetPlatformManager: Display: Loaded TargetPlatform 'Android_Multi'
[2020.07.14-07.33.35:451][  0]LogTargetPlatformManager: Display: Loaded TargetPlatform 'Android_MultiClient'
[2020.07.14-07.33.35:478][  0]LogTargetPlatformManager: Display: Loaded TargetPlatform 'IOSClient'
[2020.07.14-07.33.35:478][  0]LogTargetPlatformManager: Display: Loaded TargetPlatform 'IOS'
[2020.07.14-07.33.35:491][  0]LogTargetPlatformManager: Display: Loaded TargetPlatform 'Linux'
[2020.07.14-07.33.35:501][  0]LogTargetPlatformManager: Display: Loaded TargetPlatform 'LinuxNoEditor'
[2020.07.14-07.33.35:511][  0]LogTargetPlatformManager: Display: Loaded TargetPlatform 'LinuxClient'
[2020.07.14-07.33.35:521][  0]LogTargetPlatformManager: Display: Loaded TargetPlatform 'LinuxServer'
[2020.07.14-07.33.35:530][  0]LogTargetPlatformManager: Display: Loaded TargetPlatform 'LinuxAArch64NoEditor'
[2020.07.14-07.33.35:540][  0]LogTargetPlatformManager: Display: Loaded TargetPlatform 'LinuxAArch64Client'
[2020.07.14-07.33.35:549][  0]LogTargetPlatformManager: Display: Loaded TargetPlatform 'LinuxAArch64Server'
[2020.07.14-07.33.35:573][  0]LogTargetPlatformManager: Display: Loaded TargetPlatform 'Lumin'
[2020.07.14-07.33.35:573][  0]LogTargetPlatformManager: Display: Loaded TargetPlatform 'LuminClient'
[2020.07.14-07.33.35:588][  0]LogTargetPlatformManager: Display: Loaded TargetPlatform 'TVOSClient'
[2020.07.14-07.33.35:588][  0]LogTargetPlatformManager: Display: Loaded TargetPlatform 'TVOS'
[2020.07.14-07.33.35:598][  0]LogTargetPlatformManager: Display: Loaded TargetPlatform 'WindowsNoEditor'
[2020.07.14-07.33.35:608][  0]LogTargetPlatformManager: Display: Loaded TargetPlatform 'Windows'
[2020.07.14-07.33.35:618][  0]LogTargetPlatformManager: Display: Loaded TargetPlatform 'WindowsClient'
[2020.07.14-07.33.35:628][  0]LogTargetPlatformManager: Display: Loaded TargetPlatform 'WindowsServer'
[2020.07.14-07.33.35:628][  0]LogTargetPlatformManager: Display: Building Assets For Windows
[2020.07.14-07.33.35:640][  0]LogAudioDebug: Display: Lib vorbis DLL was dynamically loaded.
[2020.07.14-07.33.35:722][  0]LogShaderCompilers: Guid format shader working directory is 26 characters bigger than the processId version (D:/Unreal/BuildingEscape/Intermediate/Shaders/WorkingDirectory/49612/).
[2020.07.14-07.33.35:722][  0]LogShaderCompilers: Cleaned the shader compiler working directory 'C:/Users/Tony Stark/AppData/Local/Temp/UnrealShaderWorkingDir/8643F83A4017F98B4D022588AB58A0CD/'.
[2020.07.14-07.33.35:723][  0]LogXGEController: Cannot use XGE Controller as Incredibuild is not installed on this machine.
[2020.07.14-07.33.35:723][  0]LogShaderCompilers: Cannot use XGE Shader Compiler as Incredibuild is not installed on this machine.
[2020.07.14-07.33.35:723][  0]LogShaderCompilers: Display: Using Local Shader Compiler.
[2020.07.14-07.33.36:359][  0]LogDerivedDataCache: Display: Max Cache Size: 512 MB
[2020.07.14-07.33.36:393][  0]LogDerivedDataCache: Loaded boot cache 0.03s 75MB C:/Users/Tony Stark/AppData/Local/UnrealEngine/4.25/DerivedDataCache/Boot.ddc.
[2020.07.14-07.33.36:393][  0]LogDerivedDataCache: Display: Loaded Boot cache: C:/Users/Tony Stark/AppData/Local/UnrealEngine/4.25/DerivedDataCache/Boot.ddc
[2020.07.14-07.33.36:393][  0]LogDerivedDataCache: FDerivedDataBackendGraph:  Pak pak cache file D:/Unreal/BuildingEscape/DerivedDataCache/DDC.ddp not found, will not use a pak cache.
[2020.07.14-07.33.36:393][  0]LogDerivedDataCache: Unable to find inner node Pak for hierarchical cache Hierarchy.
[2020.07.14-07.33.36:393][  0]LogDerivedDataCache: FDerivedDataBackendGraph:  CompressedPak pak cache file D:/Unreal/BuildingEscape/DerivedDataCache/Compressed.ddp not found, will not use a pak cache.
[2020.07.14-07.33.36:393][  0]LogDerivedDataCache: Unable to find inner node CompressedPak for hierarchical cache Hierarchy.
[2020.07.14-07.33.36:403][  0]LogDerivedDataCache: Display: Pak cache opened for reading ../../../Engine/DerivedDataCache/Compressed.ddp.
[2020.07.14-07.33.36:403][  0]LogDerivedDataCache: FDerivedDataBackendGraph:  EnterprisePak pak cache file ../../../Enterprise/DerivedDataCache/Compressed.ddp not found, will not use a pak cache.
[2020.07.14-07.33.36:403][  0]LogDerivedDataCache: Unable to find inner node EnterprisePak for hierarchical cache Hierarchy.
[2020.07.14-07.33.36:405][  0]LogDerivedDataCache: Using Local data cache path C:/Users/Tony Stark/AppData/Local/UnrealEngine/Common/DerivedDataCache: Writable
[2020.07.14-07.33.36:405][  0]LogDerivedDataCache: Shared data cache path not found in *engine.ini, will not use an Shared cache.
[2020.07.14-07.33.36:406][  0]LogDerivedDataCache: Unable to find inner node Shared for hierarchical cache Hierarchy.
[2020.07.14-07.33.36:446][  0]LogSlate: Using FreeType 2.10.0
[2020.07.14-07.33.36:447][  0]LogSlate: SlateFontServices - WITH_FREETYPE: 1, WITH_HARFBUZZ: 1
[2020.07.14-07.33.36:471][  0]LogAssetRegistry: FAssetRegistry took 0.0042 seconds to start up
[2020.07.14-07.33.36:689][  0]LogInit: Selected Device Profile: [Windows]
[2020.07.14-07.33.36:797][  0]LogMeshReduction: Using QuadricMeshReduction for automatic static mesh reduction
[2020.07.14-07.33.36:797][  0]LogMeshReduction: Using SimplygonMeshReduction for automatic skeletal mesh reduction
[2020.07.14-07.33.36:797][  0]LogMeshReduction: Using ProxyLODMeshReduction for automatic mesh merging
[2020.07.14-07.33.36:798][  0]LogMeshReduction: No distributed automatic mesh merging module available
[2020.07.14-07.33.36:798][  0]LogMeshMerging: No distributed automatic mesh merging module available
[2020.07.14-07.33.36:816][  0]LogNetVersion: BuildingEscape 1.0.0, NetCL: 13144385, EngineNetVer: 14, GameNetVer: 0 (Checksum: 64348278)
[2020.07.14-07.33.37:134][  0]LogAISub: UAISubsystem::UAISubsystem AISubsystem (0000023990B54380), frame # 0
[2020.07.14-07.33.37:134][  0]LogAISub: UAISubsystem::UAISubsystem AIPerceptionSystem (0000023990A9D1C0), frame # 0
[2020.07.14-07.33.37:136][  0]LogAISub: UAISubsystem::UAISubsystem EnvQueryManager (0000023990B08A00), frame # 0
[2020.07.14-07.33.37:160][  0]LogPackageLocalizationCache: Processed 19 localized package path(s) for 1 prioritized culture(s) in 0.019888 seconds
[2020.07.14-07.33.37:165][  0]LogUObjectArray: 15917 objects as part of root set at end of initial load.
[2020.07.14-07.33.37:165][  0]LogUObjectAllocator: 3965568 out of 0 bytes used by permanent object pool.
[2020.07.14-07.33.37:165][  0]LogUObjectArray: CloseDisregardForGC: 0/0 objects in disregard for GC pool
[2020.07.14-07.33.37:544][  0]LogTcpMessaging: Initializing TcpMessaging bridge
[2020.07.14-07.33.37:549][  0]LogUdpMessaging: Initializing bridge on interface 0.0.0.0:0 to multicast group 230.0.0.1:6666.
[2020.07.14-07.33.37:650][  0]SourceControl: Source control is disabled
[2020.07.14-07.33.37:650][  0]SourceControl: Source control is disabled
[2020.07.14-07.33.37:654][  0]SourceControl: Source control is disabled
[2020.07.14-07.33.37:657][  0]SourceControl: Source control is disabled
[2020.07.14-07.33.37:665][  0]SourceControl: Source control is disabled
[2020.07.14-07.33.37:963][  0]LogAndroidPermission: UAndroidPermissionCallbackProxy::GetInstance
[2020.07.14-07.33.37:986][  0]LogAudioCaptureCore: Display: No Audio Capture implementations found. Audio input will be silent.
[2020.07.14-07.33.37:986][  0]LogAudioCaptureCore: Display: No Audio Capture implementations found. Audio input will be silent.
[2020.07.14-07.33.38:038][  0]LogOcInput: OculusInput pre-init called
[2020.07.14-07.33.38:051][  0]LogWindows: Failed to load 'OVRPlugin.dll' (GetLastError=126)
[2020.07.14-07.33.38:051][  0]LogWindows: File 'OVRPlugin.dll' does not exist
[2020.07.14-07.33.38:115][  0]LogEngine: Initializing Engine...
[2020.07.14-07.33.38:116][  0]LogHMD: Failed to initialize OpenVR with code 110
[2020.07.14-07.33.38:116][  0]LogMagicLeap: Warning: VR disabled because ZI is not enabled.  To enable, in the editor, Edit -> Project Settings -> Plugins -> Magic Leap Plugin -> Enable Zero Iteration
[2020.07.14-07.33.38:117][  0]LogStats: UGameplayTagsManager::InitializeManager -  0.000 s
[2020.07.14-07.33.38:200][  0]LogInit: Initializing FReadOnlyCVARCache
[2020.07.14-07.33.38:209][  0]LogAIModule: Creating AISystem for world Untitled
[2020.07.14-07.33.38:209][  0]LogAISub: UAISubsystem::UAISubsystem EnvQueryManager (00000239977F3C00), frame # 0
[2020.07.14-07.33.38:209][  0]LogAISub: UAISubsystem::UAISubsystem AIPerceptionSystem (0000023997841BC0), frame # 0
[2020.07.14-07.33.38:215][  0]LogAudioMixer: Display: Audio Mixer Platform Settings:
[2020.07.14-07.33.38:215][  0]LogAudioMixer: Display: 	Sample Rate:						  48000
[2020.07.14-07.33.38:215][  0]LogAudioMixer: Display: 	Callback Buffer Frame Size Requested: 1024
[2020.07.14-07.33.38:215][  0]LogAudioMixer: Display: 	Callback Buffer Frame Size To Use:	  1024
[2020.07.14-07.33.38:215][  0]LogAudioMixer: Display: 	Number of buffers to queue:			  2
[2020.07.14-07.33.38:215][  0]LogAudioMixer: Display: 	Max Channels (voices):				  32
[2020.07.14-07.33.38:215][  0]LogAudioMixer: Display: 	Number of Async Source Workers:		  0
[2020.07.14-07.33.38:215][  0]LogAudio: Display: AudioDevice MaxSources: 32
[2020.07.14-07.33.38:216][  0]LogAudio: Display: Using built-in audio occlusion.
[2020.07.14-07.33.38:216][  0]LogAudioMixer: Display: Initializing audio mixer.
[2020.07.14-07.33.38:230][  0]LogAudioMixer: Display: 0: FrontLeft
[2020.07.14-07.33.38:230][  0]LogAudioMixer: Display: 1: FrontRight
[2020.07.14-07.33.38:281][  0]LogAudioMixer: Display: Using Audio Device Speakers (Realtek(R) Audio)
[2020.07.14-07.33.38:283][  0]LogAudioMixer: Display: Initializing Sound Submixes...
[2020.07.14-07.33.38:285][  0]LogAudioMixer: Display: Creating Master Submix 'MasterSubmixDefault'
[2020.07.14-07.33.38:285][  0]LogAudioMixer: Display: Creating Master Submix 'MasterReverbSubmixDefault'
[2020.07.14-07.33.38:286][  0]LogAudioMixer: Display: Creating Master Submix 'MasterEQSubmixDefault'
[2020.07.14-07.33.38:287][  0]LogInit: FAudioDevice initialized.
[2020.07.14-07.33.38:288][  0]LogNetVersion: Set ProjectVersion to 1.0.0.0. Version Checksum will be recalculated on next use.
[2020.07.14-07.33.38:333][  0]LogDerivedDataCache: Saved boot cache 0.04s 75MB C:/Users/Tony Stark/AppData/Local/UnrealEngine/4.25/DerivedDataCache/Boot.ddc.
[2020.07.14-07.33.38:334][  0]LogInit: Texture streaming: Enabled
[2020.07.14-07.33.38:352][  0]LogEngineSessionManager: EngineSessionManager initialized
[2020.07.14-07.33.38:352][  0]LogEditorSessionSummary: Verbose: Initializing EditorSessionSummaryWriter for editor session tracking
[2020.07.14-07.33.38:353][  0]LogEditorSessionSummary: EditorSessionSummaryWriter initialized
[2020.07.14-07.33.38:379][  0]LogInit: Transaction tracking system initialized
[2020.07.14-07.33.38:405][  0]BlueprintLog: New page: Editor Load
[2020.07.14-07.33.38:484][  0]LocalizationService: Localization service is disabled
[2020.07.14-07.33.38:626][  0]LogCook: Display: Max memory allowance for cook 16384mb min free memory 0mb
[2020.07.14-07.33.38:627][  0]LogCook: Display: Mobile HDR setting 1
[2020.07.14-07.33.38:772][  0]LogFileCache: Scanning file cache for directory 'D:/Unreal/BuildingEscape/Content/' took 0.00s
[2020.07.14-07.33.38:922][  0]SourceControl: Source control is disabled
[2020.07.14-07.33.38:922][  0]LogUnrealEdMisc: Loading editor; pre map load, took 6.394
[2020.07.14-07.33.38:922][  0]Cmd: MAP LOAD FILE="D:/Unreal/BuildingEscape/Content/StarterContent/Maps/Minimal_Default.umap" TEMPLATE=0 SHOWPROGRESS=1 FEATURELEVEL=3
[2020.07.14-07.33.38:923][  0]LightingResults: New page: Lighting Build
[2020.07.14-07.33.38:923][  0]LogWorld: UWorld::CleanupWorld for Untitled, bSessionEnded=true, bCleanupResources=true
[2020.07.14-07.33.38:923][  0]LogSlate: InvalidateAllWidgets triggered.  All widgets were invalidated
[2020.07.14-07.33.38:924][  0]MapCheck: New page: Map Check
[2020.07.14-07.33.38:924][  0]LightingResults: New page: Lighting Build
[2020.07.14-07.33.38:950][  0]LogAISub: UAISubsystem::~UAISubsystem EnvQueryManager (00000239977F3C00), frame # 0
[2020.07.14-07.33.38:950][  0]LogAISub: UAISubsystem::~UAISubsystem AIPerceptionSystem (0000023997841BC0), frame # 0
[2020.07.14-07.33.38:950][  0]LogUObjectHash: Compacting FUObjectHashTables data took   0.63ms
[2020.07.14-07.33.39:012][  0]LogStaticMesh: Building static mesh Floor_400x400...
[2020.07.14-07.33.39:013][  0]LogStaticMesh: Built static mesh [0.00s] /Game/StarterContent/Architecture/Floor_400x400.Floor_400x400
[2020.07.14-07.33.39:055][  0]LogAIModule: Creating AISystem for world Minimal_Default
[2020.07.14-07.33.39:055][  0]LogAISub: UAISubsystem::UAISubsystem EnvQueryManager (000002399F400800), frame # 0
[2020.07.14-07.33.39:055][  0]LogAISub: UAISubsystem::UAISubsystem AIPerceptionSystem (000002399F372980), frame # 0
[2020.07.14-07.33.39:064][  0]LogEditorServer: Finished looking for orphan Actors (0.000 secs)
[2020.07.14-07.33.39:076][  0]LogUObjectHash: Compacting FUObjectHashTables data took   0.68ms
[2020.07.14-07.33.39:077][  0]Cmd: MAP CHECKDEP NOCLEARLOG
[2020.07.14-07.33.39:077][  0]MapCheck: Map check complete: 0 Error(s), 0 Warning(s), took 0.08ms to complete.
[2020.07.14-07.33.39:077][  0]LogFileHelpers: Loading map 'Minimal_Default' took 0.155
[2020.07.14-07.33.39:078][  0]LogUnrealEdMisc: Total Editor Startup Time, took 6.550
[2020.07.14-07.33.39:189][  0]LogSlate: Updating window title bar state: overlay mode, drag disabled, window buttons hidden, title bar hidden
[2020.07.14-07.33.39:195][  0]LogSlate: Updating window title bar state: overlay mode, drag disabled, window buttons hidden, title bar hidden
[2020.07.14-07.33.39:200][  0]LogSlate: Updating window title bar state: overlay mode, drag disabled, window buttons hidden, title bar hidden
[2020.07.14-07.33.39:204][  0]LogSlate: Updating window title bar state: overlay mode, drag disabled, window buttons hidden, title bar hidden
[2020.07.14-07.33.39:211][  0]LogCollectionManager: Loaded 0 collections in 0.001505 seconds
[2020.07.14-07.33.39:230][  0]LogFileCache: Scanning file cache for directory 'D:/Unreal/BuildingEscape/Saved/Collections/' took 0.00s
[2020.07.14-07.33.39:230][  0]LogFileCache: Scanning file cache for directory 'D:/Unreal/BuildingEscape/Content/Developers/TonyStark/Collections/' took 0.00s
[2020.07.14-07.33.39:230][  0]LogFileCache: Scanning file cache for directory 'D:/Unreal/BuildingEscape/Content/Collections/' took 0.00s
[2020.07.14-07.33.39:230][  0]LogContentBrowser: Native class hierarchy populated in 0.0107 seconds. Added 3428 classes and 823 folders.
[2020.07.14-07.33.39:232][  0]LogContentBrowser: Native class hierarchy updated for 'WidgetCarousel' in 0.0003 seconds. Added 0 classes and 0 folders.
[2020.07.14-07.33.39:274][  0]LogContentBrowser: Native class hierarchy updated for 'AddContentDialog' in 0.0003 seconds. Added 0 classes and 0 folders.
[2020.07.14-07.33.39:275][  0]LogContentBrowser: Native class hierarchy updated for 'SceneOutliner' in 0.0002 seconds. Added 2 classes and 0 folders.
[2020.07.14-07.33.39:295][  0]LogSlate: Took 0.000096 seconds to synchronously load lazily loaded font '../../../Engine/Content/Slate/Fonts/Roboto-Regular.ttf' (155K)
[2020.07.14-07.33.39:296][  0]LogSlate: Took 0.000078 seconds to synchronously load lazily loaded font '../../../Engine/Content/Slate/Fonts/Roboto-Bold.ttf' (160K)
[2020.07.14-07.33.39:300][  0]LogSlate: Took 0.000082 seconds to synchronously load lazily loaded font '../../../Engine/Content/Editor/Slate/Fonts/FontAwesome.ttf' (139K)
[2020.07.14-07.33.39:353][  0]LogRenderer: Reallocating scene render targets to support 1616x808 Format 10 NumSamples 1 (Frame:1).
[2020.07.14-07.33.39:460][  0]LogContentBrowser: Native class hierarchy updated for 'HierarchicalLODOutliner' in 0.0003 seconds. Added 0 classes and 0 folders.
[2020.07.14-07.33.39:460][  0]LogLoad: (Engine Initialization) Total time: 6.93 seconds
[2020.07.14-07.33.39:460][  0]LogLoad: (Engine Initialization) Total Blueprint compile time: 0.00 seconds
[2020.07.14-07.33.39:491][  0]LogAssetRegistry: Asset discovery search completed in 3.0230 seconds
[2020.07.14-07.33.39:494][  0]LogCollectionManager: Fixed up redirectors for 0 collections in 0.000002 seconds (updated 0 objects)
[2020.07.14-07.33.39:495][  0]LogContentStreaming: Texture pool size now 1000 MB
[2020.07.14-07.33.56:828][937]LogTemp: Repeating last play command: Selected Viewport
[2020.07.14-07.33.56:833][937]LogPlayLevel: PlayLevel: No blueprints needed recompiling
[2020.07.14-07.33.56:833][937]PIE: New page: PIE session: Minimal_Default (Jul 14, 2020, 6:33:56 PM)
[2020.07.14-07.33.56:835][937]LogOnline: OSS: Creating online subsystem instance for: NULL
[2020.07.14-07.33.56:837][937]LogOnline: OSS: TryLoadSubsystemAndSetDefault: Loaded subsystem for module [NULL]
[2020.07.14-07.33.56:837][937]LogPlayLevel: Creating play world package: /Game/StarterContent/Maps/UEDPIE_0_Minimal_Default
[2020.07.14-07.33.56:839][937]LogPlayLevel: PIE: StaticDuplicateObject took: (0.002687s)
[2020.07.14-07.33.56:840][937]LogAIModule: Creating AISystem for world Minimal_Default
[2020.07.14-07.33.56:840][937]LogAISub: UAISubsystem::UAISubsystem EnvQueryManager (00000239C35B7E00), frame # 1937
[2020.07.14-07.33.56:840][937]LogAISub: UAISubsystem::UAISubsystem AIPerceptionSystem (00000239C35C3D80), frame # 1937
[2020.07.14-07.33.56:841][937]LogPlayLevel: PIE: World Init took: (0.001173s)
[2020.07.14-07.33.56:841][937]LogPlayLevel: PIE: Created PIE world by copying editor world from /Game/StarterContent/Maps/Minimal_Default.Minimal_Default to /Game/StarterContent/Maps/UEDPIE_0_Minimal_Default.Minimal_Default (0.004105s)
[2020.07.14-07.33.56:861][937]LogUObjectHash: Compacting FUObjectHashTables data took   0.55ms
[2020.07.14-07.33.56:862][937]LogAudioMixer: Display: Audio Mixer Platform Settings:
[2020.07.14-07.33.56:862][937]LogAudioMixer: Display: 	Sample Rate:						  48000
[2020.07.14-07.33.56:862][937]LogAudioMixer: Display: 	Callback Buffer Frame Size Requested: 1024
[2020.07.14-07.33.56:862][937]LogAudioMixer: Display: 	Callback Buffer Frame Size To Use:	  1024
[2020.07.14-07.33.56:862][937]LogAudioMixer: Display: 	Number of buffers to queue:			  2
[2020.07.14-07.33.56:862][937]LogAudioMixer: Display: 	Max Channels (voices):				  32
[2020.07.14-07.33.56:862][937]LogAudioMixer: Display: 	Number of Async Source Workers:		  0
[2020.07.14-07.33.56:862][937]LogAudio: Display: AudioDevice MaxSources: 32
[2020.07.14-07.33.56:862][937]LogAudio: Display: Using built-in audio occlusion.
[2020.07.14-07.33.56:862][937]LogAudioMixer: Display: Initializing audio mixer.
[2020.07.14-07.33.56:864][937]LogAudioMixer: Display: 0: FrontLeft
[2020.07.14-07.33.56:864][937]LogAudioMixer: Display: 1: FrontRight
[2020.07.14-07.33.56:897][937]LogAudioMixer: Display: Using Audio Device Speakers (Realtek(R) Audio)
[2020.07.14-07.33.56:897][937]LogAudioMixer: Display: Initializing Sound Submixes...
[2020.07.14-07.33.56:897][937]LogAudioMixer: Display: Creating Master Submix 'MasterSubmixDefault'
[2020.07.14-07.33.56:897][937]LogAudioMixer: Display: Creating Master Submix 'MasterReverbSubmixDefault'
[2020.07.14-07.33.56:898][937]LogAudioMixer: Display: Creating Master Submix 'MasterEQSubmixDefault'
[2020.07.14-07.33.56:909][937]LogInit: FAudioDevice initialized.
[2020.07.14-07.33.56:919][937]LogLoad: Game class is 'GameModeBase'
[2020.07.14-07.33.56:920][937]LogWorld: Bringing World /Game/StarterContent/Maps/UEDPIE_0_Minimal_Default.Minimal_Default up for play (max tick rate 0) at 2020.07.14-13.03.56
[2020.07.14-07.33.56:921][937]LogWorld: Bringing up level for play took: 0.000750
[2020.07.14-07.33.56:921][937]LogOnline: OSS: Creating online subsystem instance for: :Context_1
[2020.07.14-07.33.56:925][937]LogContentBrowser: Native class hierarchy updated for 'MovieSceneCapture' in 0.0003 seconds. Added 20 classes and 0 folders.
[2020.07.14-07.33.56:926][937]PIE: Server logged in
[2020.07.14-07.33.56:927][937]PIE: Play in editor total start time 0.095 seconds.
[2020.07.14-07.34.55:119][912]LogSlate: Updating window title bar state: overlay mode, drag disabled, window buttons hidden, title bar hidden
[2020.07.14-07.34.55:119][912]LogWorld: BeginTearingDown for /Game/StarterContent/Maps/UEDPIE_0_Minimal_Default
[2020.07.14-07.34.55:120][912]LogWorld: UWorld::CleanupWorld for Minimal_Default, bSessionEnded=true, bCleanupResources=true
[2020.07.14-07.34.55:120][912]LogSlate: InvalidateAllWidgets triggered.  All widgets were invalidated
[2020.07.14-07.34.55:132][912]LogPlayLevel: Display: Shutting down PIE online subsystems
[2020.07.14-07.34.55:133][912]LogSlate: InvalidateAllWidgets triggered.  All widgets were invalidated
[2020.07.14-07.34.55:168][912]LogSlate: Updating window title bar state: overlay mode, drag disabled, window buttons hidden, title bar hidden
[2020.07.14-07.34.55:169][912]LogAISub: UAISubsystem::~UAISubsystem AIPerceptionSystem (00000239C35C3D80), frame # 8912
[2020.07.14-07.34.55:169][912]LogAISub: UAISubsystem::~UAISubsystem EnvQueryManager (00000239C35B7E00), frame # 8912
[2020.07.14-07.34.55:170][912]LogUObjectHash: Compacting FUObjectHashTables data took   0.58ms
[2020.07.14-07.34.55:207][914]LogPlayLevel: Display: Destroying online subsystem :Context_1
[2020.07.14-07.34.56:939][116]LogActorFactory: Actor Factory created Cone
[2020.07.14-07.34.57:588][192]LogActorFactory: Actor Factory created Cone
[2020.07.14-07.35.00:581][539]LogTemp: Repeating last play command: Selected Viewport
[2020.07.14-07.35.00:585][539]LogPlayLevel: PlayLevel: No blueprints needed recompiling
[2020.07.14-07.35.00:585][539]PIE: New page: PIE session: Minimal_Default (Jul 14, 2020, 6:35:00 PM)
[2020.07.14-07.35.00:609][539]LogPlayLevel: Creating play world package: /Game/StarterContent/Maps/UEDPIE_0_Minimal_Default
[2020.07.14-07.35.00:611][539]LogPlayLevel: PIE: StaticDuplicateObject took: (0.002543s)
[2020.07.14-07.35.00:612][539]LogAIModule: Creating AISystem for world Minimal_Default
[2020.07.14-07.35.00:612][539]LogAISub: UAISubsystem::UAISubsystem EnvQueryManager (00000239A3789E00), frame # 9539
[2020.07.14-07.35.00:612][539]LogAISub: UAISubsystem::UAISubsystem AIPerceptionSystem (00000239A376FB00), frame # 9539
[2020.07.14-07.35.00:613][539]LogPlayLevel: PIE: World Init took: (0.001427s)
[2020.07.14-07.35.00:613][539]LogPlayLevel: PIE: Created PIE world by copying editor world from /Game/StarterContent/Maps/Minimal_Default.Minimal_Default to /Game/StarterContent/Maps/UEDPIE_0_Minimal_Default.Minimal_Default (0.004349s)
[2020.07.14-07.35.00:625][539]LogUObjectHash: Compacting FUObjectHashTables data took   0.59ms
[2020.07.14-07.35.00:625][539]LogAudioMixer: Display: Audio Mixer Platform Settings:
[2020.07.14-07.35.00:625][539]LogAudioMixer: Display: 	Sample Rate:						  48000
[2020.07.14-07.35.00:626][539]LogAudioMixer: Display: 	Callback Buffer Frame Size Requested: 1024
[2020.07.14-07.35.00:626][539]LogAudioMixer: Display: 	Callback Buffer Frame Size To Use:	  1024
[2020.07.14-07.35.00:626][539]LogAudioMixer: Display: 	Number of buffers to queue:			  2
[2020.07.14-07.35.00:626][539]LogAudioMixer: Display: 	Max Channels (voices):				  32
[2020.07.14-07.35.00:626][539]LogAudioMixer: Display: 	Number of Async Source Workers:		  0
[2020.07.14-07.35.00:626][539]LogAudio: Display: AudioDevice MaxSources: 32
[2020.07.14-07.35.00:626][539]LogAudio: Display: Using built-in audio occlusion.
[2020.07.14-07.35.00:626][539]LogAudioMixer: Display: Initializing audio mixer.
[2020.07.14-07.35.00:628][539]LogAudioMixer: Display: 0: FrontLeft
[2020.07.14-07.35.00:628][539]LogAudioMixer: Display: 1: FrontRight
[2020.07.14-07.35.00:661][539]LogAudioMixer: Display: Using Audio Device Speakers (Realtek(R) Audio)
[2020.07.14-07.35.00:661][539]LogAudioMixer: Display: Initializing Sound Submixes...
[2020.07.14-07.35.00:661][539]LogAudioMixer: Display: Creating Master Submix 'MasterSubmixDefault'
[2020.07.14-07.35.00:661][539]LogAudioMixer: Display: Creating Master Submix 'MasterReverbSubmixDefault'
[2020.07.14-07.35.00:662][539]LogAudioMixer: Display: Creating Master Submix 'MasterEQSubmixDefault'
[2020.07.14-07.35.00:672][539]LogInit: FAudioDevice initialized.
[2020.07.14-07.35.00:682][539]LogLoad: Game class is 'GameModeBase'
[2020.07.14-07.35.00:683][539]LogWorld: Bringing World /Game/StarterContent/Maps/UEDPIE_0_Minimal_Default.Minimal_Default up for play (max tick rate 0) at 2020.07.14-13.05.00
[2020.07.14-07.35.00:683][539]LogWorld: Bringing up level for play took: 0.000628
[2020.07.14-07.35.00:683][539]LogOnline: OSS: Creating online subsystem instance for: :Context_4
[2020.07.14-07.35.00:686][539]PIE: Server logged in
[2020.07.14-07.35.00:686][539]PIE: Play in editor total start time 0.102 seconds.
[2020.07.14-07.35.09:549][595]LogSlate: Updating window title bar state: overlay mode, drag disabled, window buttons hidden, title bar hidden
[2020.07.14-07.35.09:550][595]LogWorld: BeginTearingDown for /Game/StarterContent/Maps/UEDPIE_0_Minimal_Default
[2020.07.14-07.35.09:550][595]LogWorld: UWorld::CleanupWorld for Minimal_Default, bSessionEnded=true, bCleanupResources=true
[2020.07.14-07.35.09:550][595]LogSlate: InvalidateAllWidgets triggered.  All widgets were invalidated
[2020.07.14-07.35.09:558][595]LogPlayLevel: Display: Shutting down PIE online subsystems
[2020.07.14-07.35.09:560][595]LogSlate: InvalidateAllWidgets triggered.  All widgets were invalidated
[2020.07.14-07.35.09:607][595]LogSlate: Updating window title bar state: overlay mode, drag disabled, window buttons hidden, title bar hidden
[2020.07.14-07.35.09:608][595]LogAISub: UAISubsystem::~UAISubsystem EnvQueryManager (00000239A3789E00), frame # 10595
[2020.07.14-07.35.09:608][595]LogAISub: UAISubsystem::~UAISubsystem AIPerceptionSystem (00000239A376FB00), frame # 10595
[2020.07.14-07.35.09:608][595]LogUObjectHash: Compacting FUObjectHashTables data took   0.58ms
[2020.07.14-07.35.09:631][596]LogPlayLevel: Display: Destroying online subsystem :Context_4
[2020.07.14-07.35.11:114][772]LogEditorViewport: Clicking on Actor (LMB): StaticMeshActor (Cone)
[2020.07.14-07.35.12:062][881]Cmd: DELETE
[2020.07.14-07.35.12:063][881]Cmd: ACTOR DELETE
[2020.07.14-07.35.12:073][881]LogEditorActor: Deleted Actor: StaticMeshActor
[2020.07.14-07.35.12:085][881]LogUObjectHash: Compacting FUObjectHashTables data took   0.55ms
[2020.07.14-07.35.12:086][881]LogEditorActor: Deleted 1 Actors (0.016 secs)
[2020.07.14-07.35.29:136][893]LogSlate: Window 'Source Control Login' being destroyed
